<?xml version="1.0" encoding="UTF-8"?>
<!-- Generated by org.testng.reporters.JUnitReportReporter -->
<testsuite hostname="DESKTOP-58Q323B" failures="0" tests="6" name="Test_ng.class2" time="0.080" errors="0" timestamp="2023-01-11T07:29:34 IST" skipped="0">
  <testcase classname="Test_ng.class2" name="signup" time="0.039"/>
  <system-out/>
  <testcase classname="Test_ng.class2" name="login" time="0.011"/>
  <system-out/>
  <testcase classname="Test_ng.class2" name="singout" time="0.008"/>
  <system-out/>
  <testcase classname="Test_ng.class2" name="addtocard" time="0.008"/>
  <system-out/>
  <testcase classname="Test_ng.class2" name="checkout" time="0.006"/>
  <system-out/>
  <testcase classname="Test_ng.class2" name="searchproduct" time="0.008"/>
  <system-out/>
</testsuite> <!-- Test_ng.class2 -->
