<?xml version="1.0" encoding="UTF-8"?>
<!-- Generated by org.testng.reporters.JUnitReportReporter -->
<testsuite hostname="DESKTOP-58Q323B" failures="0" tests="6" name="Test_ng.class3" time="0.080" errors="0" timestamp="2023-01-11T07:34:21 IST" skipped="0">
  <testcase classname="Test_ng.class3" name="signup" time="0.006"/>
  <system-out/>
  <testcase classname="Test_ng.class3" name="searchproduct" time="0.046"/>
  <system-out/>
  <testcase classname="Test_ng.class3" name="login" time="0.007"/>
  <system-out/>
  <testcase classname="Test_ng.class3" name="addtocard" time="0.006"/>
  <system-out/>
  <testcase classname="Test_ng.class3" name="checkout" time="0.007"/>
  <system-out/>
  <testcase classname="Test_ng.class3" name="singout" time="0.008"/>
  <system-out/>
</testsuite> <!-- Test_ng.class3 -->
