<?xml version="1.0" encoding="UTF-8"?>
<!-- Generated by org.testng.reporters.JUnitReportReporter -->
<testsuite hostname="DESKTOP-58Q323B" failures="0" tests="6" name="Test_ng.class1" time="0.109" errors="0" timestamp="2023-01-10T07:49:18 IST" skipped="0">
  <testcase classname="Test_ng.class1" name="addtocard" time="0.016"/>
  <system-out/>
  <testcase classname="Test_ng.class1" name="searchproduct" time="0.007"/>
  <system-out/>
  <testcase classname="Test_ng.class1" name="checkout" time="0.020"/>
  <system-out/>
  <testcase classname="Test_ng.class1" name="signup" time="0.038"/>
  <system-out/>
  <testcase classname="Test_ng.class1" name="login" time="0.018"/>
  <system-out/>
  <testcase classname="Test_ng.class1" name="singout" time="0.010"/>
  <system-out/>
</testsuite> <!-- Test_ng.class1 -->
